EDA Netlist Writer report for Smash_Bros
Sat Apr 07 19:57:56 2018
Quartus Prime Version 16.0.0 Build 211 04/27/2016 SJ Standard Edition


---------------------
; Table of Contents ;
---------------------
  1. Legal Notice
  2. EDA Netlist Writer Summary
  3. Simulation Settings
  4. Simulation Generated Files
  5. EDA Netlist Writer Messages



----------------
; Legal Notice ;
----------------
Copyright (C) 1991-2016 Altera Corporation. All rights reserved.
Your use of Altera Corporation's design tools, logic functions 
and other software and tools, and its AMPP partner logic 
functions, and any output files from any of the foregoing 
(including device programming or simulation files), and any 
associated documentation or information are expressly subject 
to the terms and conditions of the Altera Program License 
Subscription Agreement, the Altera Quartus Prime License Agreement,
the Altera MegaCore Function License Agreement, or other 
applicable license agreement, including, without limitation, 
that your use is for the sole purpose of programming logic 
devices manufactured by Altera and sold by Altera or its 
authorized distributors.  Please refer to the applicable 
agreement for further details.



+-------------------------------------------------------------------+
; EDA Netlist Writer Summary                                        ;
+---------------------------+---------------------------------------+
; EDA Netlist Writer Status ; Successful - Sat Apr 07 19:57:56 2018 ;
; Revision Name             ; Smash_Bros                            ;
; Top-level Entity Name     ; skeleton                              ;
; Family                    ; Cyclone IV E                          ;
; Simulation Files Creation ; Successful                            ;
+---------------------------+---------------------------------------+


+-------------------------------------------------------------------------------------------------------------------------------+
; Simulation Settings                                                                                                           ;
+---------------------------------------------------------------------------------------------------+---------------------------+
; Option                                                                                            ; Setting                   ;
+---------------------------------------------------------------------------------------------------+---------------------------+
; Tool Name                                                                                         ; ModelSim-Altera (Verilog) ;
; Generate functional simulation netlist                                                            ; Off                       ;
; Time scale                                                                                        ; 1 ps                      ;
; Truncate long hierarchy paths                                                                     ; Off                       ;
; Map illegal HDL characters                                                                        ; Off                       ;
; Flatten buses into individual nodes                                                               ; Off                       ;
; Maintain hierarchy                                                                                ; Off                       ;
; Bring out device-wide set/reset signals as ports                                                  ; Off                       ;
; Enable glitch filtering                                                                           ; Off                       ;
; Do not write top level VHDL entity                                                                ; Off                       ;
; Disable detection of setup and hold time violations in the input registers of bi-directional pins ; Off                       ;
; Architecture name in VHDL output netlist                                                          ; structure                 ;
; Generate third-party EDA tool command script for RTL functional simulation                        ; Off                       ;
; Generate third-party EDA tool command script for gate-level simulation                            ; Off                       ;
+---------------------------------------------------------------------------------------------------+---------------------------+


+---------------------------------------------------------------------------------------------------------------------------------------+
; Simulation Generated Files                                                                                                            ;
+---------------------------------------------------------------------------------------------------------------------------------------+
; Generated Files                                                                                                                       ;
+---------------------------------------------------------------------------------------------------------------------------------------+
; C:/Users/Student/Desktop/Smash Bros/final-project-s18-matthew-nathaniel-jesse/simulation/modelsim/Smash_Bros_7_1200mv_85c_slow.vo     ;
; C:/Users/Student/Desktop/Smash Bros/final-project-s18-matthew-nathaniel-jesse/simulation/modelsim/Smash_Bros_7_1200mv_0c_slow.vo      ;
; C:/Users/Student/Desktop/Smash Bros/final-project-s18-matthew-nathaniel-jesse/simulation/modelsim/Smash_Bros_min_1200mv_0c_fast.vo    ;
; C:/Users/Student/Desktop/Smash Bros/final-project-s18-matthew-nathaniel-jesse/simulation/modelsim/Smash_Bros.vo                       ;
; C:/Users/Student/Desktop/Smash Bros/final-project-s18-matthew-nathaniel-jesse/simulation/modelsim/Smash_Bros_7_1200mv_85c_v_slow.sdo  ;
; C:/Users/Student/Desktop/Smash Bros/final-project-s18-matthew-nathaniel-jesse/simulation/modelsim/Smash_Bros_7_1200mv_0c_v_slow.sdo   ;
; C:/Users/Student/Desktop/Smash Bros/final-project-s18-matthew-nathaniel-jesse/simulation/modelsim/Smash_Bros_min_1200mv_0c_v_fast.sdo ;
; C:/Users/Student/Desktop/Smash Bros/final-project-s18-matthew-nathaniel-jesse/simulation/modelsim/Smash_Bros_v.sdo                    ;
+---------------------------------------------------------------------------------------------------------------------------------------+


+-----------------------------+
; EDA Netlist Writer Messages ;
+-----------------------------+
Info: *******************************************************************
Info: Running Quartus Prime EDA Netlist Writer
    Info: Version 16.0.0 Build 211 04/27/2016 SJ Standard Edition
    Info: Processing started: Sat Apr 07 19:57:51 2018
Info: Command: quartus_eda --read_settings_files=off --write_settings_files=off Smash_Bros -c Smash_Bros
Warning (18236): Number of processors has not been specified which may cause overloading on shared machines.  Set the global assignment NUM_PARALLEL_PROCESSORS in your QSF to an appropriate value for best performance.
Info (204019): Generated file Smash_Bros_7_1200mv_85c_slow.vo in folder "C:/Users/Student/Desktop/Smash Bros/final-project-s18-matthew-nathaniel-jesse/simulation/modelsim/" for EDA simulation tool
Info (204019): Generated file Smash_Bros_7_1200mv_0c_slow.vo in folder "C:/Users/Student/Desktop/Smash Bros/final-project-s18-matthew-nathaniel-jesse/simulation/modelsim/" for EDA simulation tool
Info (204019): Generated file Smash_Bros_min_1200mv_0c_fast.vo in folder "C:/Users/Student/Desktop/Smash Bros/final-project-s18-matthew-nathaniel-jesse/simulation/modelsim/" for EDA simulation tool
Info (204019): Generated file Smash_Bros.vo in folder "C:/Users/Student/Desktop/Smash Bros/final-project-s18-matthew-nathaniel-jesse/simulation/modelsim/" for EDA simulation tool
Info (204019): Generated file Smash_Bros_7_1200mv_85c_v_slow.sdo in folder "C:/Users/Student/Desktop/Smash Bros/final-project-s18-matthew-nathaniel-jesse/simulation/modelsim/" for EDA simulation tool
Info (204019): Generated file Smash_Bros_7_1200mv_0c_v_slow.sdo in folder "C:/Users/Student/Desktop/Smash Bros/final-project-s18-matthew-nathaniel-jesse/simulation/modelsim/" for EDA simulation tool
Info (204019): Generated file Smash_Bros_min_1200mv_0c_v_fast.sdo in folder "C:/Users/Student/Desktop/Smash Bros/final-project-s18-matthew-nathaniel-jesse/simulation/modelsim/" for EDA simulation tool
Info (204019): Generated file Smash_Bros_v.sdo in folder "C:/Users/Student/Desktop/Smash Bros/final-project-s18-matthew-nathaniel-jesse/simulation/modelsim/" for EDA simulation tool
Info: Quartus Prime EDA Netlist Writer was successful. 0 errors, 1 warning
    Info: Peak virtual memory: 828 megabytes
    Info: Processing ended: Sat Apr 07 19:57:56 2018
    Info: Elapsed time: 00:00:05
    Info: Total CPU time (on all processors): 00:00:03


