MIF/HEX Update report for Smash_Bros
Thu Apr 05 13:20:47 2018
Quartus Prime Version 16.0.0 Build 211 04/27/2016 SJ Standard Edition


---------------------
; Table of Contents ;
---------------------
  1. Legal Notice
  2. MIF/HEX Update Summary
  3. MIF/HEX Update Processed Files
  4. MIF/HEX Update Messages



----------------
; Legal Notice ;
----------------
Copyright (C) 1991-2016 Altera Corporation. All rights reserved.
Your use of Altera Corporation's design tools, logic functions 
and other software and tools, and its AMPP partner logic 
functions, and any output files from any of the foregoing 
(including device programming or simulation files), and any 
associated documentation or information are expressly subject 
to the terms and conditions of the Altera Program License 
Subscription Agreement, the Altera Quartus Prime License Agreement,
the Altera MegaCore Function License Agreement, or other 
applicable license agreement, including, without limitation, 
that your use is for the sole purpose of programming logic 
devices manufactured by Altera and sold by Altera or its 
authorized distributors.  Please refer to the applicable 
agreement for further details.



+---------------------------------------------------------------+
; MIF/HEX Update Summary                                        ;
+-----------------------+---------------------------------------+
; MIF/HEX Update Status ; Successful - Thu Apr 05 13:20:47 2018 ;
; Revision Name         ; Smash_Bros                            ;
; Top-level Entity Name ; skeleton                              ;
; Family                ; Cyclone IV E                          ;
; Device                ; EP4CE115F29C7                         ;
+-----------------------+---------------------------------------+


+---------------------------------------------------------------------------------------------+
; MIF/HEX Update Processed Files                                                              ;
+---------------------------------------------------------------------------------------------+
; File Name                                                                                   ;
+---------------------------------------------------------------------------------------------+
; C:/Users/Student/Desktop/Smash Bros/final-project-s18-matthew-nathaniel-jesse/img_data.mif  ;
; C:/Users/Student/Desktop/Smash Bros/final-project-s18-matthew-nathaniel-jesse/img_index.mif ;
+---------------------------------------------------------------------------------------------+


+-------------------------+
; MIF/HEX Update Messages ;
+-------------------------+
Info: *******************************************************************
Info: Running Quartus Prime MIF/HEX Update
    Info: Version 16.0.0 Build 211 04/27/2016 SJ Standard Edition
    Info: Processing started: Thu Apr 05 13:20:42 2018
Info: Command: quartus_cdb Smash_Bros -c Smash_Bros --update_mif
Warning (18236): Number of processors has not been specified which may cause overloading on shared machines.  Set the global assignment NUM_PARALLEL_PROCESSORS in your QSF to an appropriate value for best performance.
Info (39024): Processed the following Memory Initialization File(s)
    Info (39025): Processed Memory Initialization File C:/Users/Student/Desktop/Smash Bros/final-project-s18-matthew-nathaniel-jesse/img_data.mif File: C:/Users/Student/Desktop/Smash Bros/final-project-s18-matthew-nathaniel-jesse/img_data.mif Line: 0
    Info (39025): Processed Memory Initialization File C:/Users/Student/Desktop/Smash Bros/final-project-s18-matthew-nathaniel-jesse/img_index.mif File: C:/Users/Student/Desktop/Smash Bros/final-project-s18-matthew-nathaniel-jesse/img_index.mif Line: 0
Info: Quartus Prime MIF/HEX Update was successful. 0 errors, 1 warning
    Info: Peak virtual memory: 954 megabytes
    Info: Processing ended: Thu Apr 05 13:20:47 2018
    Info: Elapsed time: 00:00:05
    Info: Total CPU time (on all processors): 00:00:02


